<?xml version="1.0" encoding="UTF-8"?>
<!-- Generated by org.testng.reporters.JUnitXMLReporter -->
<testsuite hostname="LAPTOP-P3EADNK9" ignored="0" name="Test" tests="2" failures="1" timestamp="15 Sep 2021 18:02:22 GMT" time="10.672" errors="0">
  <testcase name="userLoginTest" time="1.501" classname="com.vezencare.testCases.TC_UserLoginTest_001"/>
  <testcase name="userDashboardTest" time="0.0" classname="com.vezencare.testCases.TC_UserdashboardTest_002">
    <failure type="java.lang.Error" message="Unresolved compilation problem: 
	n cannot be resolved to a variable
">
      <![CDATA[java.lang.Error: Unresolved compilation problem: 
n cannot be resolved to a variable

at com.vezencare.testCases.TC_UserdashboardTest_002.userDashboardTest(TC_UserdashboardTest_002.java:90)
... Removed 25 stack frames]]>
    </failure>
  </testcase> <!-- userDashboardTest -->
</testsuite> <!-- Test -->
