<?xml version="1.0" encoding="UTF-8"?>
<!-- Generated by org.testng.reporters.JUnitXMLReporter -->
<testsuite hostname="LAPTOP-P3EADNK9" ignored="0" name="Test" tests="1" failures="1" timestamp="28 Sep 2021 20:05:25 GMT" time="10.514" errors="0">
  <testcase name="Usertopmenutest" time="7.676" classname="com.vezencare.testCases.TC_UserTopMenuTest_010">
    <failure type="java.lang.AssertionError" message="expected [Hi anushaa polavarapu] but found []">
      <![CDATA[java.lang.AssertionError: expected [Hi anushaa polavarapu] but found []
at com.vezencare.testCases.TC_UserTopMenuTest_010.Usertopmenutest(TC_UserTopMenuTest_010.java:54)
... Removed 31 stack frames]]>
    </failure>
  </testcase> <!-- Usertopmenutest -->
</testsuite> <!-- Test -->
