<?xml version="1.0" encoding="UTF-8"?>
<!-- Generated by org.testng.reporters.JUnitXMLReporter -->
<testsuite hostname="LAPTOP-P3EADNK9" ignored="0" name="Vezencareapp test" tests="2" failures="1" timestamp="30 Aug 2021 08:32:26 GMT" time="7.509" errors="0">
  <testcase name="userLoginTest" time="1.763" classname="com.vezencare.testCases.TC_UserLoginTest_001"/>
  <testcase name="loginDDT" time="0.833" classname="com.vezencare.testCases.TC_LoginDDT_002">
    <failure type="org.testng.internal.reflect.MethodMatcherException" message="
Data provider mismatch
Method: loginDDT([Parameter{index=0, type=java.lang.String, declaredAnnotations=[]}, Parameter{index=1, type=java.lang.String, declaredAnnotations=[]}])
Arguments: [(java.lang.String) 9346078959,(java.lang.String) 1234,(java.lang.String) ,(java.lang.String) ,(java.lang.String) ,(java.lang.String) ]">
      <![CDATA[org.testng.internal.reflect.MethodMatcherException: 
Data provider mismatch
Method: loginDDT([Parameter{index=0, type=java.lang.String, declaredAnnotations=[]}, Parameter{index=1, type=java.lang.String, declaredAnnotations=[]}])
Arguments: [(java.lang.String) 9346078959,(java.lang.String) 1234,(java.lang.String) ,(java.lang.String) ,(java.lang.String) ,(java.lang.String) ]
... Removed 20 stack frames]]>
    </failure>
  </testcase> <!-- loginDDT -->
</testsuite> <!-- Vezencareapp test -->
