<?xml version="1.0" encoding="UTF-8"?>
<testng-results skipped="0" failed="0" ignored="0" total="1" passed="1">
  <reporter-output>
  </reporter-output>
  <suite name="Suite" duration-ms="16685" started-at="2021-09-25T21:03:24Z" finished-at="2021-09-25T21:03:40Z">
    <groups>
    </groups>
    <test name="Test" duration-ms="16685" started-at="2021-09-25T21:03:24Z" finished-at="2021-09-25T21:03:40Z">
      <class name="com.vezencare.testCases.TC_UserCareTakerServiceTest_006">
        <test-method status="PASS" signature="setup(java.lang.String)[pri:0, instance:com.vezencare.testCases.TC_UserCareTakerServiceTest_006@239963d8]" name="setup" is-config="true" duration-ms="2698" started-at="2021-09-25T21:03:24Z" finished-at="2021-09-25T21:03:26Z">
          <params>
            <param index="0">
              <value>
                <![CDATA[chrome]]>
              </value>
            </param>
          </params>
          <reporter-output>
          </reporter-output>
        </test-method> <!-- setup -->
        <test-method status="PASS" signature="usercaretakerservice()[pri:0, instance:com.vezencare.testCases.TC_UserCareTakerServiceTest_006@239963d8]" name="usercaretakerservice" duration-ms="13850" started-at="2021-09-25T21:03:26Z" finished-at="2021-09-25T21:03:40Z">
          <reporter-output>
          </reporter-output>
        </test-method> <!-- usercaretakerservice -->
        <test-method status="PASS" signature="tearDown()[pri:0, instance:com.vezencare.testCases.TC_UserCareTakerServiceTest_006@239963d8]" name="tearDown" is-config="true" duration-ms="119" started-at="2021-09-25T21:03:40Z" finished-at="2021-09-25T21:03:40Z">
          <reporter-output>
          </reporter-output>
        </test-method> <!-- tearDown -->
      </class> <!-- com.vezencare.testCases.TC_UserCareTakerServiceTest_006 -->
    </test> <!-- Test -->
  </suite> <!-- Suite -->
</testng-results>
