<?xml version="1.0" encoding="UTF-8"?>
<testng-results skipped="0" failed="0" ignored="0" total="1" passed="1">
  <reporter-output>
  </reporter-output>
  <suite name="Suite" duration-ms="17510" started-at="2021-09-30T06:53:59Z" finished-at="2021-09-30T06:54:16Z">
    <groups>
    </groups>
    <test name="Test" duration-ms="17510" started-at="2021-09-30T06:53:59Z" finished-at="2021-09-30T06:54:16Z">
      <class name="com.vezencare.testCases.TC_UserTopMenuTest_010">
        <test-method status="PASS" signature="setup(java.lang.String)[pri:0, instance:com.vezencare.testCases.TC_UserTopMenuTest_010@239963d8]" name="setup" is-config="true" duration-ms="3068" started-at="2021-09-30T06:53:59Z" finished-at="2021-09-30T06:54:02Z">
          <params>
            <param index="0">
              <value>
                <![CDATA[chrome]]>
              </value>
            </param>
          </params>
          <reporter-output>
          </reporter-output>
        </test-method> <!-- setup -->
        <test-method status="PASS" signature="Usertopmenutest()[pri:0, instance:com.vezencare.testCases.TC_UserTopMenuTest_010@239963d8]" name="Usertopmenutest" duration-ms="10298" started-at="2021-09-30T06:54:02Z" finished-at="2021-09-30T06:54:12Z">
          <reporter-output>
          </reporter-output>
        </test-method> <!-- Usertopmenutest -->
        <test-method status="PASS" signature="tearDown()[pri:0, instance:com.vezencare.testCases.TC_UserTopMenuTest_010@239963d8]" name="tearDown" is-config="true" duration-ms="4129" started-at="2021-09-30T06:54:12Z" finished-at="2021-09-30T06:54:16Z">
          <reporter-output>
          </reporter-output>
        </test-method> <!-- tearDown -->
      </class> <!-- com.vezencare.testCases.TC_UserTopMenuTest_010 -->
    </test> <!-- Test -->
  </suite> <!-- Suite -->
</testng-results>
